<?xml version="1.0" encoding="UTF-8"?>
<!-- Generated by org.testng.reporters.JUnitXMLReporter -->
<testsuite hostname="INNO-5CG5202K8S" ignored="0" name="Default test" tests="9" failures="0" timestamp="29 Oct 2017 02:22:19 GMT" time="4.003" errors="0">
  <testcase name="testPlanetCount" time="0.74" classname="com.epam.rest.PlanetTest"/>
  <testcase name="testPlanetNext" time="0.255" classname="com.epam.rest.PlanetTest"/>
  <testcase name="testPlanetNotFound" time="0.645" classname="com.epam.rest.PlanetTest"/>
  <testcase name="testPlanetSecondName" time="0.33" classname="com.epam.rest.PlanetTest"/>
  <testcase name="testPlanetString" time="0.486" classname="com.epam.rest.PlanetTest"/>
  <testcase name="testPlanetURL" time="0.38" classname="com.epam.rest.PlanetTest"/>
  <testcase name="testPlanetWrongCount" time="0.361" classname="com.epam.rest.PlanetTest"/>
  <testcase name="testStatusForALLPlanets" time="0.266" classname="com.epam.rest.PlanetTest"/>
  <testcase name="testStatusForPlanetWithId" time="0.501" classname="com.epam.rest.PlanetTest"/>
</testsuite> <!-- Default test -->
